u:\github\project_platypus\a3\assignment3\assignment3\debug\vc120.pdb
u:\github\project_platypus\a3\assignment3\assignment3\debug\vc120.idb
u:\github\project_platypus\a3\assignment3\assignment3\debug\clock.obj
u:\github\project_platypus\a3\assignment3\assignment3\debug\disk.obj
u:\github\project_platypus\a3\assignment3\assignment3\debug\instructionparser.obj
u:\github\project_platypus\a3\assignment3\assignment3\debug\iomanager.obj
u:\github\project_platypus\a3\assignment3\assignment3\debug\main.obj
u:\github\project_platypus\a3\assignment3\assignment3\debug\mainmemory.obj
u:\github\project_platypus\a3\assignment3\assignment3\debug\memorymanager.obj
u:\github\project_platypus\a3\assignment3\assignment3\debug\page.obj
u:\github\project_platypus\a3\assignment3\assignment3\debug\process.obj
u:\github\project_platypus\a3\assignment3\assignment3\debug\processmanager.obj
u:\github\project_platypus\a3\assignment3\assignment3\debug\variable.obj
u:\github\project_platypus\a3\assignment3\debug\assignment3.pdb
u:\github\project_platypus\a3\assignment3\assignment3\debug\assignment3.tlog\cl.read.1.tlog
u:\github\project_platypus\a3\assignment3\assignment3\debug\assignment3.tlog\cl.write.1.tlog
u:\github\project_platypus\a3\assignment3\assignment3\debug\assignment3.tlog\cl.command.1.tlog
u:\github\project_platypus\a3\assignment3\assignment3\debug\assignment3.tlog\link.command.1.tlog
u:\github\project_platypus\a3\assignment3\assignment3\debug\assignment3.tlog\link.5440-rc.read.1.tlog
u:\github\project_platypus\a3\assignment3\assignment3\debug\assignment3.tlog\link.5440-rc.write.1.tlog
u:\github\project_platypus\a3\assignment3\assignment3\debug\assignment3.tlog\link.5440-cvtres.read.1.tlog
u:\github\project_platypus\a3\assignment3\assignment3\debug\assignment3.tlog\link.read.1.tlog
u:\github\project_platypus\a3\assignment3\assignment3\debug\assignment3.tlog\link.write.1.tlog
u:\github\project_platypus\a3\assignment3\assignment3\debug\assignment3.tlog\link.5440-cvtres.write.1.tlog
u:\github\project_platypus\a3\assignment3\assignment3\debug\assignment3.tlog\link.5440.read.1.tlog
u:\github\project_platypus\a3\assignment3\assignment3\debug\assignment3.tlog\link.5440.write.1.tlog
u:\github\project_platypus\a3\assignment3\assignment3\debug\assignment3.tlog\link-rc.read.1.tlog
u:\github\project_platypus\a3\assignment3\assignment3\debug\assignment3.tlog\link-rc.write.1.tlog
u:\github\project_platypus\a3\assignment3\assignment3\debug\assignment3.tlog\link-cvtres.read.1.tlog
u:\github\project_platypus\a3\assignment3\assignment3\debug\assignment3.tlog\link-cvtres.write.1.tlog
