<<<<<<< HEAD
﻿Build started 4/1/2016 5:19:04 PM.
     1>Project "U:\GitHub\project_platypus\A3\Assignment3\Assignment3\Assignment3.vcxproj" on node 2 (Build target(s)).
     1>ClCompile:
         C:\Program Files (x86)\Microsoft Visual Studio 12.0\VC\bin\CL.exe /c /ZI /nologo /W3 /WX- /sdl /Od /Oy- /D _MBCS /Gm /EHsc /RTC1 /MDd /GS /fp:precise /Zc:wchar_t /Zc:forScope /Fo"Debug\\" /Fd"Debug\vc120.pdb" /Gd /TP /analyze- /errorReport:prompt ..\..\MainMemory.cpp ..\..\Page.cpp ..\..\Variable.cpp
         Variable.cpp
         Page.cpp
         Generating Code...
         Skipping... (no relevant changes detected)
         MainMemory.cpp
       Link:
         C:\Program Files (x86)\Microsoft Visual Studio 12.0\VC\bin\link.exe /ERRORREPORT:PROMPT /OUT:"U:\GitHub\project_platypus\A3\Assignment3\Debug\Assignment3.exe" /INCREMENTAL /NOLOGO kernel32.lib user32.lib gdi32.lib winspool.lib comdlg32.lib advapi32.lib shell32.lib ole32.lib oleaut32.lib uuid.lib odbc32.lib odbccp32.lib /MANIFEST /MANIFESTUAC:"level='asInvoker' uiAccess='false'" /manifest:embed /DEBUG /PDB:"U:\GitHub\project_platypus\A3\Assignment3\Debug\Assignment3.pdb" /TLBID:1 /DYNAMICBASE /NXCOMPAT /IMPLIB:"U:\GitHub\project_platypus\A3\Assignment3\Debug\Assignment3.lib" /MACHINE:X86 Debug\Clock.obj
         Debug\Disk.obj
         Debug\InstructionParser.obj
         Debug\IOManager.obj
         Debug\main.obj
         Debug\MainMemory.obj
         Debug\MemoryManager.obj
         Debug\Page.obj
         Debug\Process.obj
         Debug\ProcessManager.obj
         Debug\Variable.obj
         Assignment3.vcxproj -> U:\GitHub\project_platypus\A3\Assignment3\Debug\Assignment3.exe
     1>Done Building Project "U:\GitHub\project_platypus\A3\Assignment3\Assignment3\Assignment3.vcxproj" (Build target(s)).

Build succeeded.

Time Elapsed 00:00:09.16
=======
﻿  ProcessManager.cpp
  Process.cpp
  Generating Code...
  Compiling...
  main.cpp
  MemoryManager.cpp
  Generating Code...
  Assignment3.vcxproj -> C:\Users\anita\Documents\Tortoise\project_platypus\A3\Assignment3\Debug\Assignment3.exe
>>>>>>> a06924597d352251e44d9eae1fee0c45eca7b8bd
