Build started 3/29/2016 5:41:07 PM.
     1>Project "g:\my documents\visual studio 2013\Projects\Project4\Project4\Project4.vcxproj" on node 2 (Build target(s)).
     1>ClCompile:
         C:\Program Files (x86)\Microsoft Visual Studio 12.0\VC\bin\CL.exe /c /ZI /nologo /W3 /WX- /sdl /Od /Oy- /D _MBCS /Gm /EHsc /RTC1 /MDd /GS /fp:precise /Zc:wchar_t /Zc:forScope /Fo"Debug\\" /Fd"Debug\vc120.pdb" /Gd /TP /analyze- /errorReport:prompt main.cpp U:\GitHub\project_platypus\A3\Disk.cpp U:\GitHub\project_platypus\A3\InstructionParser.cpp U:\GitHub\project_platypus\A3\IOManager.cpp U:\GitHub\project_platypus\A3\MainMemory.cpp U:\GitHub\project_platypus\A3\MemoryManager.cpp U:\GitHub\project_platypus\A3\Page.cpp U:\GitHub\project_platypus\A3\Process.cpp U:\GitHub\project_platypus\A3\Variable.cpp
         Variable.cpp
         Process.cpp
     1>u:\github\project_platypus\a3\process.h(20): error C2146: syntax error : missing ';' before identifier 'startThread'
     1>u:\github\project_platypus\a3\process.h(20): error C4430: missing type specifier - int assumed. Note: C++ does not support default-int
     1>u:\github\project_platypus\a3\process.h(20): warning C4183: 'startThread': missing return type; assumed to be a member function returning 'int'
     1>u:\github\project_platypus\a3\process.cpp(47): error C2556: 'std::thread Process::startThread(void)' : overloaded function differs only by return type from 'int Process::startThread(void)'
                 u:\github\project_platypus\a3\process.h(20) : see declaration of 'Process::startThread'
     1>u:\github\project_platypus\a3\process.cpp(47): error C2371: 'Process::startThread' : redefinition; different basic types
                 u:\github\project_platypus\a3\process.h(20) : see declaration of 'Process::startThread'
         Page.cpp
         MemoryManager.cpp
         MainMemory.cpp
         IOManager.cpp
         InstructionParser.cpp
         Disk.cpp
         main.cpp
     1>g:\my documents\visual studio 2013\projects\project4\project4\main.cpp(2): fatal error C1083: Cannot open include file: 'MemoryManager.h': No such file or directory
         Generating Code...
     1>u:\github\project_platypus\a3\mainmemory.cpp(27): error C4716: 'MainMemory::get' : must return a value
     1>Done Building Project "g:\my documents\visual studio 2013\Projects\Project4\Project4\Project4.vcxproj" (Build target(s)) -- FAILED.

Build FAILED.

Time Elapsed 00:00:06.80
